<?xml version="1.0" encoding="UTF-8"?>
<!-- Generated by org.testng.reporters.JUnitReportReporter -->
<testsuite hostname="LAPTOP-G9HHL1F8" failures="0" tests="1" name="ExecuteTest.DailerTest" time="13.357" errors="0" timestamp="2020-08-31T00:27:28 IST" skipped="0">
  <testcase classname="ExecuteTest.DailerTest" name="ClickContact" time="13.357"/>
  <system-out/>
</testsuite> <!-- ExecuteTest.DailerTest -->
